# JRE version: OpenJDK Runtime Environment Microsoft-13106356 (17.0.18+8) (build 17.0.18+8-LTS)
# Java VM: OpenJDK 64-Bit Server VM Microsoft-13106356 (17.0.18+8-LTS, mixed mode, sharing, tiered, compressed oops, compressed class ptrs, g1 gc, linux-amd64)
GC Precious Log:
 CPUs: 16 total, 16 available
 Memory: 31794M
 Large Page Support: Disabled
 NUMA Support: Disabled
 Compressed Oops: Enabled (Zero based)
 Heap Region Size: 4M
 Heap Min Capacity: 8M
 Heap Initial Capacity: 500M
 Heap Max Capacity: 7952M
 Pre-touch: Disabled
 Parallel Workers: 13
 Concurrent Workers: 3
 Concurrent Refinement Workers: 13
 Periodic GC: Disabled
Heap:
 garbage-first heap   total 102400K, used 61904K [0x000000060f000000, 0x0000000800000000)
  region size 4096K, 11 young (45056K), 1 survivors (4096K)
 Metaspace       used 25076K, committed 25280K, reserved 1114112K
  class space    used 3131K, committed 3264K, reserved 1048576K
GC Heap History (7 events):
Event: 0,586 GC heap before
{Heap before GC invocations=0 (full 0):
 garbage-first heap   total 520192K, used 24500K [0x000000060f000000, 0x0000000800000000)
  region size 4096K, 6 young (24576K), 0 survivors (0K)
 Metaspace       used 6303K, committed 6528K, reserved 1114112K
  class space    used 600K, committed 704K, reserved 1048576K
}
Event: 0,588 GC heap after
{Heap after GC invocations=1 (full 0):
 garbage-first heap   total 520192K, used 7136K [0x000000060f000000, 0x0000000800000000)
  region size 4096K, 1 young (4096K), 1 survivors (4096K)
 Metaspace       used 6303K, committed 6528K, reserved 1114112K
  class space    used 600K, committed 704K, reserved 1048576K
}
Event: 1,613 GC heap before
{Heap before GC invocations=1 (full 0):
 garbage-first heap   total 520192K, used 60384K [0x000000060f000000, 0x0000000800000000)
  region size 4096K, 15 young (61440K), 1 survivors (4096K)
 Metaspace       used 21313K, committed 21504K, reserved 1114112K
  class space    used 2874K, committed 3008K, reserved 1048576K
}
Event: 1,623 GC heap after
{Heap after GC invocations=2 (full 0):
 garbage-first heap   total 520192K, used 14879K [0x000000060f000000, 0x0000000800000000)
  region size 4096K, 3 young (12288K), 3 survivors (12288K)
 Metaspace       used 21313K, committed 21504K, reserved 1114112K
  class space    used 2874K, committed 3008K, reserved 1048576K
}
Event: 609,398 GC heap before
{Heap before GC invocations=3 (full 0):
 garbage-first heap   total 81920K, used 76319K [0x000000060f000000, 0x0000000800000000)
  region size 4096K, 18 young (73728K), 3 survivors (12288K)
 Metaspace       used 24975K, committed 25280K, reserved 1114112K
  class space    used 3131K, committed 3264K, reserved 1048576K
}
Event: 609,405 GC heap after
{Heap after GC invocations=4 (full 0):
 garbage-first heap   total 102400K, used 20944K [0x000000060f000000, 0x0000000800000000)
  region size 4096K, 2 young (8192K), 2 survivors (8192K)
 Metaspace       used 24975K, committed 25280K, reserved 1114112K
  class space    used 3131K, committed 3264K, reserved 1048576K
}
Event: 1483,952 GC heap before
{Heap before GC invocations=4 (full 0):
 garbage-first heap   total 102400K, used 61904K [0x000000060f000000, 0x0000000800000000)
  region size 4096K, 12 young (49152K), 2 survivors (8192K)
 Metaspace       used 25076K, committed 25280K, reserved 1114112K
  class space    used 3131K, committed 3264K, reserved 1048576K
}

