# JRE version: OpenJDK Runtime Environment Microsoft-13106356 (17.0.18+8) (build 17.0.18+8-LTS)
# Java VM: OpenJDK 64-Bit Server VM Microsoft-13106356 (17.0.18+8-LTS, mixed mode, sharing, tiered, compressed oops, compressed class ptrs, g1 gc, linux-amd64)
GC Precious Log:
 CPUs: 16 total, 16 available
 Memory: 31794M
 Large Page Support: Disabled
 NUMA Support: Disabled
 Compressed Oops: Enabled (Zero based)
 Heap Region Size: 4M
 Heap Min Capacity: 8M
 Heap Initial Capacity: 500M
 Heap Max Capacity: 7952M
 Pre-touch: Disabled
 Parallel Workers: 13
 Concurrent Workers: 3
 Concurrent Refinement Workers: 13
 Periodic GC: Disabled
Heap:
 garbage-first heap   total 81920K, used 22352K [0x000000060f000000, 0x0000000800000000)
  region size 4096K, 5 young (20480K), 2 survivors (8192K)
 Metaspace       used 24476K, committed 24768K, reserved 1114112K
  class space    used 2917K, committed 3072K, reserved 1048576K
GC Heap History (6 events):
Event: 0,552 GC heap before
{Heap before GC invocations=0 (full 0):
 garbage-first heap   total 520192K, used 28596K [0x000000060f000000, 0x0000000800000000)
  region size 4096K, 6 young (24576K), 0 survivors (0K)
 Metaspace       used 5550K, committed 5696K, reserved 1114112K
  class space    used 666K, committed 768K, reserved 1048576K
}
Event: 0,555 GC heap after
{Heap after GC invocations=1 (full 0):
 garbage-first heap   total 520192K, used 7351K [0x000000060f000000, 0x0000000800000000)
  region size 4096K, 1 young (4096K), 1 survivors (4096K)
 Metaspace       used 5550K, committed 5696K, reserved 1114112K
  class space    used 666K, committed 768K, reserved 1048576K
}
Event: 0,973 GC heap before
{Heap before GC invocations=1 (full 0):
 garbage-first heap   total 520192K, used 36023K [0x000000060f000000, 0x0000000800000000)
  region size 4096K, 8 young (32768K), 1 survivors (4096K)
 Metaspace       used 9118K, committed 9280K, reserved 1114112K
  class space    used 1119K, committed 1216K, reserved 1048576K
}
Event: 0,975 GC heap after
{Heap after GC invocations=2 (full 0):
 garbage-first heap   total 520192K, used 8582K [0x000000060f000000, 0x0000000800000000)
  region size 4096K, 1 young (4096K), 1 survivors (4096K)
 Metaspace       used 9118K, committed 9280K, reserved 1114112K
  class space    used 1119K, committed 1216K, reserved 1048576K
}
Event: 2,250 GC heap before
{Heap before GC invocations=2 (full 0):
 garbage-first heap   total 520192K, used 86406K [0x000000060f000000, 0x0000000800000000)
  region size 4096K, 21 young (86016K), 1 survivors (4096K)
 Metaspace       used 21272K, committed 21504K, reserved 1114112K
  class space    used 2593K, committed 2688K, reserved 1048576K
}
Event: 2,255 GC heap after
{Heap after GC invocations=3 (full 0):
 garbage-first heap   total 520192K, used 14160K [0x000000060f000000, 0x0000000800000000)
  region size 4096K, 2 young (8192K), 2 survivors (8192K)
 Metaspace       used 21272K, committed 21504K, reserved 1114112K
  class space    used 2593K, committed 2688K, reserved 1048576K
}

